<?xml version="1.0" encoding="UTF-8"?>
<!-- Generated by org.testng.reporters.JUnitXMLReporter -->
<testsuite ignored="0" hostname="DESKTOP-S4P2VG9" failures="0" tests="3" name="Default test" time="98.349" errors="0" timestamp="2023-12-04T09:57:52 IST">
  <testcase classname="NewSahara.Promotions_SaharaProperty" name="MULTINIGHT" time="28.001"/>
  <testcase classname="NewSahara.Promotions_SaharaProperty" name="ADVANCE_PURCHASE" time="34.025"/>
  <testcase classname="NewSahara.Promotions_SaharaProperty" name="DISCOUNT_PER_STAY" time="36.244"/>
</testsuite> <!-- Default test -->
