<?xml version="1.0" encoding="UTF-8"?>
<!-- Generated by org.testng.reporters.JUnitXMLReporter -->
<testsuite ignored="0" hostname="DESKTOP-S4P2VG9" failures="0" tests="3" name="extentReort" time="98.676" errors="0" timestamp="2023-11-28T12:48:07 IST">
  <testcase classname="NewSahara.Promotions_SaharaProperty" name="MULTINIGHT" time="31.354"/>
  <testcase classname="NewSahara.Promotions_SaharaProperty" name="ADVANCE_PURCHASE" time="32.653"/>
  <testcase classname="NewSahara.Promotions_SaharaProperty" name="DISCOUNT_PER_STAY" time="34.518"/>
</testsuite> <!-- extentReort -->
