<?xml version="1.0" encoding="UTF-8"?>
<!-- Generated by org.testng.reporters.JUnitXMLReporter -->
<testsuite ignored="0" hostname="DESKTOP-S4P2VG9" failures="0" tests="3" name="tearDown" time="94.095" errors="0" timestamp="2023-11-28T13:29:27 IST">
  <testcase classname="NewSahara.Promotions_SaharaProperty" name="MULTINIGHT" time="27.979"/>
  <testcase classname="NewSahara.Promotions_SaharaProperty" name="ADVANCE_PURCHASE" time="30.095"/>
  <testcase classname="NewSahara.Promotions_SaharaProperty" name="DISCOUNT_PER_STAY" time="35.914"/>
</testsuite> <!-- tearDown -->
