<?xml version="1.0" encoding="UTF-8"?>
<!-- Generated by org.testng.reporters.JUnitXMLReporter -->
<testsuite ignored="0" hostname="DESKTOP-S4P2VG9" failures="0" tests="3" name="test" time="87.266" errors="0" timestamp="2023-12-05T12:55:32 IST">
  <testcase classname="NewSahara.Promotions_SaharaProperty" name="MULTINIGHT" time="30.715"/>
  <testcase classname="NewSahara.Promotions_SaharaProperty" name="ADVANCE_PURCHASE" time="24.664"/>
  <testcase classname="NewSahara.Promotions_SaharaProperty" name="DISCOUNT_PER_STAY" time="31.742"/>
</testsuite> <!-- test -->
